# JRE version: OpenJDK Runtime Environment (8.0_152-b06) (build 1.8.0_152-release-1136-b06)
# Java VM: OpenJDK 64-Bit Server VM (25.152-b06 mixed mode windows-amd64 compressed oops)
Heap:
 PSYoungGen      total 187904K, used 62893K [0x00000000e0000000, 0x00000000efb00000, 0x0000000100000000)
  eden space 165888K, 37% used [0x00000000e0000000,0x00000000e3d6b7a8,0x00000000ea200000)
  from space 22016K, 0% used [0x00000000ea200000,0x00000000ea200000,0x00000000eb780000)
  to   space 22528K, 0% used [0x00000000ee500000,0x00000000ee500000,0x00000000efb00000)
 ParOldGen       total 130048K, used 40611K [0x00000000a0000000, 0x00000000a7f00000, 0x00000000e0000000)
  object space 130048K, 31% used [0x00000000a0000000,0x00000000a27a8f78,0x00000000a7f00000)
 Metaspace       used 62128K, capacity 63848K, committed 64088K, reserved 1103872K
  class space    used 8356K, capacity 8765K, committed 8832K, reserved 1048576K
GC Heap History (10 events):
Event: 8.269 GC heap before
{Heap before GC invocations=12 (full 2):
 PSYoungGen      total 104960K, used 93696K [0x00000000e0000000, 0x00000000e9e80000, 0x0000000100000000)
  eden space 93696K, 100% used [0x00000000e0000000,0x00000000e5b80000,0x00000000e5b80000)
  from space 11264K, 0% used [0x00000000e5b80000,0x00000000e5b80000,0x00000000e6680000)
  to   space 11264K, 0% used [0x00000000e9380000,0x00000000e9380000,0x00000000e9e80000)
 ParOldGen       total 77824K, used 14588K [0x00000000a0000000, 0x00000000a4c00000, 0x00000000e0000000)
  object space 77824K, 18% used [0x00000000a0000000,0x00000000a0e3f260,0x00000000a4c00000)
 Metaspace       used 40733K, capacity 41512K, committed 41816K, reserved 1085440K
  class space    used 5499K, capacity 5740K, committed 5760K, reserved 1048576K
Event: 8.278 GC heap after
Heap after GC invocations=12 (full 2):
 PSYoungGen      total 138752K, used 11232K [0x00000000e0000000, 0x00000000e9e80000, 0x0000000100000000)
  eden space 127488K, 0% used [0x00000000e0000000,0x00000000e0000000,0x00000000e7c80000)
  from space 11264K, 99% used [0x00000000e9380000,0x00000000e9e783f0,0x00000000e9e80000)
  to   space 12288K, 0% used [0x00000000e8680000,0x00000000e8680000,0x00000000e9280000)
 ParOldGen       total 77824K, used 14675K [0x00000000a0000000, 0x00000000a4c00000, 0x00000000e0000000)
  object space 77824K, 18% used [0x00000000a0000000,0x00000000a0e54c58,0x00000000a4c00000)
 Metaspace       used 40733K, capacity 41512K, committed 41816K, reserved 1085440K
  class space    used 5499K, capacity 5740K, committed 5760K, reserved 1048576K
}
Event: 9.946 GC heap before
{Heap before GC invocations=13 (full 2):
 PSYoungGen      total 138752K, used 138720K [0x00000000e0000000, 0x00000000e9e80000, 0x0000000100000000)
  eden space 127488K, 100% used [0x00000000e0000000,0x00000000e7c80000,0x00000000e7c80000)
  from space 11264K, 99% used [0x00000000e9380000,0x00000000e9e783f0,0x00000000e9e80000)
  to   space 12288K, 0% used [0x00000000e8680000,0x00000000e8680000,0x00000000e9280000)
 ParOldGen       total 77824K, used 14675K [0x00000000a0000000, 0x00000000a4c00000, 0x00000000e0000000)
  object space 77824K, 18% used [0x00000000a0000000,0x00000000a0e54c58,0x00000000a4c00000)
 Metaspace       used 51706K, capacity 53116K, committed 53208K, reserved 1095680K
  class space    used 7002K, capacity 7375K, committed 7424K, reserved 1048576K
Event: 9.971 GC heap after
Heap after GC invocations=13 (full 2):
 PSYoungGen      total 150016K, used 12262K [0x00000000e0000000, 0x00000000ec780000, 0x0000000100000000)
  eden space 137728K, 0% used [0x00000000e0000000,0x00000000e0000000,0x00000000e8680000)
  from space 12288K, 99% used [0x00000000e8680000,0x00000000e9279b68,0x00000000e9280000)
  to   space 16384K, 0% used [0x00000000eb780000,0x00000000eb780000,0x00000000ec780000)
 ParOldGen       total 77824K, used 21912K [0x00000000a0000000, 0x00000000a4c00000, 0x00000000e0000000)
  object space 77824K, 28% used [0x00000000a0000000,0x00000000a15661a0,0x00000000a4c00000)
 Metaspace       used 51706K, capacity 53116K, committed 53208K, reserved 1095680K
  class space    used 7002K, capacity 7375K, committed 7424K, reserved 1048576K
}
Event: 36.382 GC heap before
{Heap before GC invocations=14 (full 2):
 PSYoungGen      total 150016K, used 149990K [0x00000000e0000000, 0x00000000ec780000, 0x0000000100000000)
  eden space 137728K, 100% used [0x00000000e0000000,0x00000000e8680000,0x00000000e8680000)
  from space 12288K, 99% used [0x00000000e8680000,0x00000000e9279b68,0x00000000e9280000)
  to   space 16384K, 0% used [0x00000000eb780000,0x00000000eb780000,0x00000000ec780000)
 ParOldGen       total 77824K, used 21912K [0x00000000a0000000, 0x00000000a4c00000, 0x00000000e0000000)
  object space 77824K, 28% used [0x00000000a0000000,0x00000000a15661a0,0x00000000a4c00000)
 Metaspace       used 57146K, capacity 58812K, committed 59028K, reserved 1099776K
  class space    used 7727K, capacity 8137K, committed 8192K, reserved 1048576K
Event: 36.406 GC heap after
Heap after GC invocations=14 (full 2):
 PSYoungGen      total 182272K, used 16368K [0x00000000e0000000, 0x00000000eda80000, 0x0000000100000000)
  eden space 165888K, 0% used [0x00000000e0000000,0x00000000e0000000,0x00000000ea200000)
  from space 16384K, 99% used [0x00000000eb780000,0x00000000ec77c0a0,0x00000000ec780000)
  to   space 22016K, 0% used [0x00000000ea200000,0x00000000ea200000,0x00000000eb780000)
 ParOldGen       total 77824K, used 31272K [0x00000000a0000000, 0x00000000a4c00000, 0x00000000e0000000)
  object space 77824K, 40% used [0x00000000a0000000,0x00000000a1e8a088,0x00000000a4c00000)
 Metaspace       used 57146K, capacity 58812K, committed 59028K, reserved 1099776K
  class space    used 7727K, capacity 8137K, committed 8192K, reserved 1048576K
}
Event: 38.951 GC heap before
{Heap before GC invocations=15 (full 2):
 PSYoungGen      total 182272K, used 28949K [0x00000000e0000000, 0x00000000eda80000, 0x0000000100000000)
  eden space 165888K, 7% used [0x00000000e0000000,0x00000000e0c496f8,0x00000000ea200000)
  from space 16384K, 99% used [0x00000000eb780000,0x00000000ec77c0a0,0x00000000ec780000)
  to   space 22016K, 0% used [0x00000000ea200000,0x00000000ea200000,0x00000000eb780000)
 ParOldGen       total 77824K, used 31272K [0x00000000a0000000, 0x00000000a4c00000, 0x00000000e0000000)
  object space 77824K, 40% used [0x00000000a0000000,0x00000000a1e8a088,0x00000000a4c00000)
 Metaspace       used 57303K, capacity 58946K, committed 59028K, reserved 1099776K
  class space    used 7749K, capacity 8138K, committed 8192K, reserved 1048576K
Event: 38.966 GC heap after
Heap after GC invocations=15 (full 2):
 PSYoungGen      total 187904K, used 960K [0x00000000e0000000, 0x00000000efb00000, 0x0000000100000000)
  eden space 165888K, 0% used [0x00000000e0000000,0x00000000e0000000,0x00000000ea200000)
  from space 22016K, 4% used [0x00000000ea200000,0x00000000ea2f00b0,0x00000000eb780000)
  to   space 22528K, 0% used [0x00000000ee500000,0x00000000ee500000,0x00000000efb00000)
 ParOldGen       total 77824K, used 45501K [0x00000000a0000000, 0x00000000a4c00000, 0x00000000e0000000)
  object space 77824K, 58% used [0x00000000a0000000,0x00000000a2c6f658,0x00000000a4c00000)
 Metaspace       used 57303K, capacity 58946K, committed 59028K, reserved 1099776K
  class space    used 7749K, capacity 8138K, committed 8192K, reserved 1048576K
}
Event: 38.966 GC heap before
{Heap before GC invocations=16 (full 3):
 PSYoungGen      total 187904K, used 960K [0x00000000e0000000, 0x00000000efb00000, 0x0000000100000000)
  eden space 165888K, 0% used [0x00000000e0000000,0x00000000e0000000,0x00000000ea200000)
  from space 22016K, 4% used [0x00000000ea200000,0x00000000ea2f00b0,0x00000000eb780000)
  to   space 22528K, 0% used [0x00000000ee500000,0x00000000ee500000,0x00000000efb00000)
 ParOldGen       total 77824K, used 45501K [0x00000000a0000000, 0x00000000a4c00000, 0x00000000e0000000)
  object space 77824K, 58% used [0x00000000a0000000,0x00000000a2c6f658,0x00000000a4c00000)
 Metaspace       used 57303K, capacity 58946K, committed 59028K, reserved 1099776K
  class space    used 7749K, capacity 8138K, committed 8192K, reserved 1048576K
Event: 39.234 GC heap after
Heap after GC invocations=16 (full 3):
 PSYoungGen      total 187904K, used 0K [0x00000000e0000000, 0x00000000efb00000, 0x0000000100000000)
  eden space 165888K, 0% used [0x00000000e0000000,0x00000000e0000000,0x00000000ea200000)
  from space 22016K, 0% used [0x00000000ea200000,0x00000000ea200000,0x00000000eb780000)
  to   space 22528K, 0% used [0x00000000ee500000,0x00000000ee500000,0x00000000efb00000)
 ParOldGen       total 130048K, used 40611K [0x00000000a0000000, 0x00000000a7f00000, 0x00000000e0000000)
  object space 130048K, 31% used [0x00000000a0000000,0x00000000a27a8f78,0x00000000a7f00000)
 Metaspace       used 57303K, capacity 58946K, committed 59028K, reserved 1099776K
  class space    used 7749K, capacity 8138K, committed 8192K, reserved 1048576K
}

